<?xml version="1.0" encoding="UTF-8"?>
<!-- Generated by org.testng.reporters.JUnitXMLReporter -->
<testsuite ignored="0" hostname="DESKTOP-NPOGQ3C" failures="0" tests="10" name="Default test" time="67.228" errors="0" timestamp="2024-12-01T18:26:57 EET">
  <testcase classname="MyTestCases" name="CheckEnglishLangIsDefult" time="0.182"/>
  <testcase classname="MyTestCases" name="CheckTheDefultCurrencyIsSAR" time="1.284"/>
  <testcase classname="MyTestCases" name="CheckContactNumber" time="0.087"/>
  <testcase classname="MyTestCases" name="ChickQitafLogo" time="0.38"/>
  <testcase classname="MyTestCases" name="CheckTheHotelNotSelected" time="0.173"/>
  <testcase classname="MyTestCases" name="CheckDepatureDate" time="0.05"/>
  <testcase classname="MyTestCases" name="CheckReturnDate" time="0.047"/>
  <testcase classname="MyTestCases" name="RandomlyChangeTheLanguage" time="34.29"/>
  <testcase classname="MyTestCases" name="checkPageIsFullyLoading" time="0.087"/>
  <testcase classname="MyTestCases" name="CheackTheSortOption" time="26.202"/>
</testsuite> <!-- Default test -->
