<?xml version="1.0" encoding="UTF-8"?>
<!-- Generated by org.testng.reporters.JUnitXMLReporter -->
<testsuite ignored="9" hostname="DESKTOP-NPOGQ3C" failures="0" tests="1" name="Default test" time="6.582" errors="0" timestamp="2024-12-11T00:20:36 EET">
  <testcase classname="MyTestCases" name="CheckEnglishLangIsDefult" time="0.646"/>
  <testcase classname="MyTestCases" name="CheckContactNumber" time="0.0">
    <ignored/>
  </testcase> <!-- CheckContactNumber -->
  <testcase classname="MyTestCases" name="CheckDepatureDate" time="0.0">
    <ignored/>
  </testcase> <!-- CheckDepatureDate -->
  <testcase classname="MyTestCases" name="CheckTheDefultCurrencyIsSAR" time="0.0">
    <ignored/>
  </testcase> <!-- CheckTheDefultCurrencyIsSAR -->
  <testcase classname="MyTestCases" name="CheckReturnDate" time="0.0">
    <ignored/>
  </testcase> <!-- CheckReturnDate -->
  <testcase classname="MyTestCases" name="RandomlyChangeTheLanguage" time="0.0">
    <ignored/>
  </testcase> <!-- RandomlyChangeTheLanguage -->
  <testcase classname="MyTestCases" name="CheackTheSortOption" time="0.0">
    <ignored/>
  </testcase> <!-- CheackTheSortOption -->
  <testcase classname="MyTestCases" name="checkPageIsFullyLoading" time="0.0">
    <ignored/>
  </testcase> <!-- checkPageIsFullyLoading -->
  <testcase classname="MyTestCases" name="CheckTheHotelNotSelected" time="0.0">
    <ignored/>
  </testcase> <!-- CheckTheHotelNotSelected -->
  <testcase classname="MyTestCases" name="ChickQitafLogo" time="0.0">
    <ignored/>
  </testcase> <!-- ChickQitafLogo -->
</testsuite> <!-- Default test -->
