<?xml version="1.0" encoding="UTF-8"?>
<testng-results ignored="0" total="9" passed="9" failed="0" skipped="0">
  <reporter-output>
  </reporter-output>
  <suite started-at="2024-10-28T23:37:04 EET" name="Default suite" finished-at="2024-10-28T23:37:13 EET" duration-ms="9468">
    <groups>
    </groups>
    <test started-at="2024-10-28T23:37:04 EET" name="Default test" finished-at="2024-10-28T23:37:13 EET" duration-ms="9468">
      <class name="MyTestCases">
        <test-method is-config="true" signature="MySetUp()[pri:0, instance:MyTestCases@72c28d64]" started-at="2024-10-28T23:37:04 EET" name="MySetUp" finished-at="2024-10-28T23:37:09 EET" duration-ms="4839" status="PASS">
          <reporter-output>
          </reporter-output>
        </test-method> <!-- MySetUp -->
        <test-method signature="CheckEnglishLangIsDefult()[pri:1, instance:MyTestCases@72c28d64]" started-at="2024-10-28T23:37:09 EET" name="CheckEnglishLangIsDefult" finished-at="2024-10-28T23:37:09 EET" duration-ms="66" status="PASS">
          <reporter-output>
          </reporter-output>
        </test-method> <!-- CheckEnglishLangIsDefult -->
        <test-method signature="CheckTheDefultCurrencyIsSAR()[pri:2, instance:MyTestCases@72c28d64]" started-at="2024-10-28T23:37:09 EET" name="CheckTheDefultCurrencyIsSAR" finished-at="2024-10-28T23:37:09 EET" duration-ms="45" status="PASS">
          <reporter-output>
          </reporter-output>
        </test-method> <!-- CheckTheDefultCurrencyIsSAR -->
        <test-method signature="CheckContactNumber()[pri:3, instance:MyTestCases@72c28d64]" started-at="2024-10-28T23:37:09 EET" name="CheckContactNumber" finished-at="2024-10-28T23:37:09 EET" duration-ms="41" status="PASS">
          <reporter-output>
          </reporter-output>
        </test-method> <!-- CheckContactNumber -->
        <test-method signature="ChickQitafLogo()[pri:4, instance:MyTestCases@72c28d64]" started-at="2024-10-28T23:37:09 EET" name="ChickQitafLogo" finished-at="2024-10-28T23:37:09 EET" duration-ms="55" status="PASS">
          <reporter-output>
          </reporter-output>
        </test-method> <!-- ChickQitafLogo -->
        <test-method signature="CheckTheHotelNotSelected()[pri:5, instance:MyTestCases@72c28d64]" started-at="2024-10-28T23:37:09 EET" name="CheckTheHotelNotSelected" finished-at="2024-10-28T23:37:09 EET" duration-ms="370" status="PASS">
          <reporter-output>
          </reporter-output>
        </test-method> <!-- CheckTheHotelNotSelected -->
        <test-method signature="CheckDepatureDate()[pri:6, instance:MyTestCases@72c28d64]" started-at="2024-10-28T23:37:09 EET" name="CheckDepatureDate" finished-at="2024-10-28T23:37:09 EET" duration-ms="47" status="PASS">
          <reporter-output>
          </reporter-output>
        </test-method> <!-- CheckDepatureDate -->
        <test-method signature="CheckReturnDate()[pri:7, instance:MyTestCases@72c28d64]" started-at="2024-10-28T23:37:09 EET" name="CheckReturnDate" finished-at="2024-10-28T23:37:09 EET" duration-ms="41" status="PASS">
          <reporter-output>
          </reporter-output>
        </test-method> <!-- CheckReturnDate -->
        <test-method signature="RandomlyChangeTheLanguage()[pri:8, instance:MyTestCases@72c28d64]" started-at="2024-10-28T23:37:09 EET" name="RandomlyChangeTheLanguage" finished-at="2024-10-28T23:37:13 EET" duration-ms="3859" status="PASS">
          <reporter-output>
          </reporter-output>
        </test-method> <!-- RandomlyChangeTheLanguage -->
        <test-method signature="test()[pri:9, instance:MyTestCases@72c28d64]" started-at="2024-10-28T23:37:13 EET" name="test" finished-at="2024-10-28T23:37:13 EET" duration-ms="4" status="PASS">
          <reporter-output>
          </reporter-output>
        </test-method> <!-- test -->
      </class> <!-- MyTestCases -->
    </test> <!-- Default test -->
  </suite> <!-- Default suite -->
</testng-results>
