<?xml version="1.0" encoding="UTF-8"?>
<testng-results ignored="10" total="10" passed="0" failed="0" skipped="0">
  <reporter-output>
  </reporter-output>
  <suite started-at="2024-12-02T22:38:05 EET" name="Default suite" finished-at="2024-12-02T22:38:16 EET" duration-ms="11549">
    <groups>
    </groups>
    <test started-at="2024-12-02T22:38:05 EET" name="Default test" finished-at="2024-12-02T22:38:16 EET" duration-ms="11549">
      <class name="MyTestCases">
        <test-method is-config="true" signature="MySetUp()[pri:0, instance:MyTestCases@5f6722d3]" started-at="2024-12-02T22:38:05 EET" name="MySetUp" finished-at="2024-12-02T22:38:16 EET" duration-ms="11523" status="PASS">
          <reporter-output>
          </reporter-output>
        </test-method> <!-- MySetUp -->
      </class> <!-- MyTestCases -->
    </test> <!-- Default test -->
  </suite> <!-- Default suite -->
</testng-results>
